[2023/05/10 20:54:19] (INFO) Reading the settings...
[2023/05/10 20:54:19] (INFO) HOST installed to localhost
[2023/05/10 20:54:19] (INFO) PORT installed to 8080
[2023/05/10 20:54:19] (INFO) Reading the settings is successful
[2023/05/10 20:54:19] (INFO) The client is asked to enter a name
[2023/05/10 20:54:32] (INFO) The client has set the name Misha
[2023/05/10 20:54:32] (INFO) The client has connected with server (PORT: 8080HOST: localhost)
[2023/05/10 20:54:32] (INFO) Send client's name to server
[2023/05/10 20:54:32] (INFO) Starting the Serverlistener thread
[2023/05/10 20:54:32] (INFO) Response {You connecting to NetworkChat with name: Misha. You can send messages:} was accepted from the server and output to the console
[2023/05/10 20:54:35] (INFO) Reading message in console
[2023/05/10 20:54:35] (INFO) Send {Hi} to server
[2023/05/10 20:54:42] (INFO) Response {[2023/05/10 20:54:42] Alex: Hello!} was accepted from the server and output to the console
[2023/05/10 20:54:55] (INFO) Reading message in console
[2023/05/10 20:54:55] (INFO) Send {How are you?} to server
[2023/05/10 20:55:06] (INFO) Response {[2023/05/10 20:55:06] Alex: I'm fine!} was accepted from the server and output to the console
[2023/05/10 20:56:03] (INFO) Reading message in console
[2023/05/10 20:56:03] (INFO) Send {/exit} to server. Exiting the chat
[2023/05/10 21:00:29] (INFO) Reading the settings...
[2023/05/10 21:00:29] (INFO) HOST installed to localhost
[2023/05/10 21:00:29] (INFO) PORT installed to 8080
[2023/05/10 21:00:29] (INFO) Reading the settings is successful
[2023/05/10 21:00:29] (INFO) The client is asked to enter a name
[2023/05/10 21:00:33] (INFO) The client has set the name dsfsd
[2023/05/10 21:00:33] (INFO) The client has connected with server (PORT: 8080HOST: localhost)
[2023/05/10 21:00:33] (INFO) Send client's name to server
[2023/05/10 21:00:33] (INFO) Starting the Serverlistener thread
[2023/05/10 21:00:33] (INFO) Response {You connecting to NetworkChat with name: dsfsd. You can send messages:} was accepted from the server and output to the console
[2023/05/10 21:00:42] (INFO) Response {[2023/05/10 21:00:42] dsfsdf: dsfsdf joined the chat!} was accepted from the server and output to the console
[2023/05/10 21:00:55] (ERROR) Error when accepting response from server
[2023/05/10 21:02:23] (INFO) Reading the settings...
[2023/05/10 21:02:23] (INFO) HOST installed to localhost
[2023/05/10 21:02:23] (INFO) PORT installed to 8080
[2023/05/10 21:02:23] (INFO) Reading the settings is successful
[2023/05/10 21:02:23] (INFO) The client is asked to enter a name
[2023/05/10 21:02:49] (INFO) The client has set the name ryeryt
[2023/05/10 21:02:50] (INFO) The client has connected with server (PORT: 8080HOST: localhost)
[2023/05/10 21:02:50] (INFO) Send client's name to server
[2023/05/10 21:02:50] (INFO) Starting the Serverlistener thread
[2023/05/10 21:02:50] (INFO) Response {You connecting to NetworkChat with name: ryeryt. You can send messages:} was accepted from the server and output to the console
[2023/05/10 21:03:20] (INFO) Reading message in console
[2023/05/10 21:03:20] (INFO) Send {1} to server
[2023/05/10 21:03:39] (INFO) Response {[2023/05/10 21:03:39] dfs: 2} was accepted from the server and output to the console
[2023/05/10 21:04:09] (INFO) Reading message in console
[2023/05/10 21:04:09] (INFO) Send {/exit} to server. Exiting the chat
[2023/05/10 21:06:15] (INFO) Reading the settings...
[2023/05/10 21:06:15] (INFO) HOST installed to localhost
[2023/05/10 21:06:15] (INFO) PORT installed to 8080
[2023/05/10 21:06:15] (INFO) Reading the settings is successful
[2023/05/10 21:06:15] (INFO) The client is asked to enter a name
[2023/05/10 21:06:25] (INFO) The client has set the name ergreg
[2023/05/10 21:06:25] (INFO) The client has connected with server (PORT: 8080HOST: localhost)
[2023/05/10 21:06:25] (INFO) Send client's name to server
[2023/05/10 21:06:25] (INFO) Starting the Serverlistener thread
[2023/05/10 21:06:25] (INFO) Response {You connecting to NetworkChat with name: ergreg. You can send messages:} was accepted from the server and output to the console
[2023/05/10 21:06:29] (INFO) Response {[2023/05/10 21:06:29] erg: vjh} was accepted from the server and output to the console
[2023/05/10 21:06:31] (INFO) Response {[2023/05/10 21:06:31] erg: hgvh} was accepted from the server and output to the console
[2023/05/10 21:06:38] (INFO) Reading message in console
[2023/05/10 21:06:38] (INFO) Send {/exit} to server. Exiting the chat
[2023/05/10 21:06:38] (INFO) Response {null} was accepted from the server and output to the console
